<?xml version="1.0" encoding="UTF-8"?>
<!-- Generated by org.testng.reporters.JUnitReportReporter -->
<testsuite hostname="DESKTOP-UTLO6S9" failures="0" tests="1" name="testLayer.SellPageTest" time="23.374" errors="0" timestamp="2022-10-30T23:17:27 IST" skipped="0">
  <testcase classname="testLayer.SellPageTest" name="verifySellPageTest" time="23.374"/>
  <system-out/>
</testsuite> <!-- testLayer.SellPageTest -->
