<?xml version="1.0" encoding="UTF-8"?>
<!-- Generated by org.testng.reporters.JUnitReportReporter -->
<testsuite hostname="DESKTOP-UTLO6S9" failures="0" tests="1" name="testBase.TestBase" time="24.005" errors="0" timestamp="2022-10-27T12:11:34 IST" skipped="0">
  <testcase classname="testBase.TestBase" name="setUp" time="24.005"/>
  <system-out/>
</testsuite> <!-- testBase.TestBase -->
