<?xml version="1.0" encoding="UTF-8"?>
<!-- Generated by org.testng.reporters.JUnitReportReporter -->
<testsuite hostname="DESKTOP-UTLO6S9" failures="0" tests="1" name="testLayer.TransactionPageTest" time="33.776" errors="0" timestamp="2022-11-02T01:41:07 IST" skipped="0">
  <testcase classname="testLayer.TransactionPageTest" name="getData" time="33.776"/>
  <system-out/>
</testsuite> <!-- testLayer.TransactionPageTest -->
