<?xml version="1.0" encoding="UTF-8"?>
<!-- Generated by org.testng.reporters.JUnitReportReporter -->
<testsuite hostname="DESKTOP-UTLO6S9" failures="0" tests="1" name="testLayer.SellShare_From_Portfolio_Teast" time="27.288" errors="0" timestamp="2022-11-02T01:41:07 IST" skipped="0">
  <testcase classname="testLayer.SellShare_From_Portfolio_Teast" name="SellShareFromPortfolio" time="27.288"/>
  <system-out/>
</testsuite> <!-- testLayer.SellShare_From_Portfolio_Teast -->
