<?xml version="1.0" encoding="UTF-8"?>
<!-- Generated by org.testng.reporters.JUnitReportReporter -->
<testsuite hostname="DESKTOP-UTLO6S9" failures="0" tests="1" name="testLayer.SellPageTest" time="20.946" errors="0" timestamp="2022-11-02T01:41:07 IST" skipped="0">
  <testcase classname="testLayer.SellPageTest" name="verifySellPageTest" time="20.946"/>
  <system-out/>
</testsuite> <!-- testLayer.SellPageTest -->
